→ 复用登录态 seewo_state.json
→ 打开报告页...
→ 登录态有效，开始遍历接口...

  [200] 学生互动数据 (studentStudyStatistic)
  [200] 学习行为分布 (studentStudyBehavior)
  [200] 回答建构分类 (solo)
  [200] 应答时间 (studentAnswerClassification)
  [200] 讲授分析 (speechData)
  [200] 课堂流程重构 (courseProcessReengineering)
  [200] 提问记录 (questionRecord)
  [200] 问答额外结果 (questionAnswerExtraResult)
  [200] 布鲁姆提问分类 (bloom)
  [200] 教师理答分类 (teacherAppraisalClassification)
  [200] 提问有效性得分 (questionScoreExplain)

→ 开始提取和计算关键指标...
  ✓ 已提取: 学生互动数据
  ✓ 已提取: 学习行为分布
  ✓ 已提取: 回答建构分类
  ✓ 已提取: 应答时间
  ✓ 已提取: 讲授分析
  ✓ 已提取: 课堂流程重构
  ✗ 提取失败: 提问记录 - 'list' object has no attribute 'get'
  ✗ 提取失败: 问答额外结果 - 'list' object has no attribute 'get'
  ✓ 已提取: 布鲁姆提问分类
  ✓ 已提取: 教师理答分类
  ✓ 已提取: 提问有效性得分

==================================================
✅ 完成：11/11 个接口返回 200
→ 提取的数据已保存到 seewo_extracted_data.json

课程信息：
  课程ID: 96f58e78b80c462cb1194fa2f6ef4e97
  课程名称: 可能性的大小-新
  教师姓名: 徐老师
  学校名称: 上海市民办丽英小学
  学段: 小学
  学科: 数学
  教室: 音乐教室1
  上课时间: 2025-04-23 10:44:30
  下课时间: 2025-04-23 11:30:19
